[0;33m[HEAL:EDITOR] Running editor self-heal checks...[0m
  ✓ MarkdownASTHighlighter.swift exists
  ✓ No .linear() animations in Editor code
  ✓ EditorSession has proper actor isolation
[0;32m[HEAL:EDITOR] Editor heal checks complete[0m
[0;33m[HEAL:ACCESSIBILITY] Running accessibility self-heal checks...[0m
  ✓ Found identifier: sidebar-file-tree
  ✓ Found identifier: sidebar-new-note
  ✓ Found identifier: workspace-split-view
  ✓ Found identifier: editor-text-view
  ✓ Found identifier: dashboard-view
  ✓ Found 111 .accessibilityLabel instances
  Found 24 .accessibilityHint instances
  ✓ No hardcoded foreground colors found
[0;32m[HEAL:ACCESSIBILITY] All accessibility checks passed[0m
[0;33m[HEAL:PERFORMANCE] Running performance self-heal checks...[0m
  ✓ No synchronous file I/O in Presentation layer
  Found 66 array properties in Presentation (review for unbounded growth)
  ✓ All ViewModels have proper actor isolation
[0;32m[HEAL:PERFORMANCE] All performance checks passed[0m
[0;33m[HEAL:UI_MATRIX] Running UI matrix self-heal checks...[0m
  ✓ UITestFixtureVault.swift exists
[0;32m[HEAL:UI_MATRIX] UI matrix checks passed[0m
