Command line invocation:
    /Applications/Xcode.app/Contents/Developer/usr/bin/xcodebuild test -scheme Quartz -parallel-testing-enabled NO -destination platform=macOS "-only-testing:QuartzUITests/macOSSmokeUITests" -resultBundlePath /tmp/QuartzUITests_macOS.xcresult

Resolve Package Graph


Resolved source packages:
  swiftui-math: https://github.com/gonzalezreal/swiftui-math @ 0.1.0
  cmark-gfm: https://github.com/swiftlang/swift-cmark.git @ 0.7.1
  swift-concurrency-extras: https://github.com/pointfreeco/swift-concurrency-extras @ 1.3.2
  QuartzKit: /Users/I533181/Developments/Quartz/QuartzKit @ local
  swift-markdown: https://github.com/swiftlang/swift-markdown.git @ 0.6.0
  textual: https://github.com/gonzalezreal/textual @ 0.3.1

Writing result bundle at path:
	/tmp/QuartzUITests_macOS.xcresult

--- xcodebuild: WARNING: Using the first of multiple matching destinations:
{ platform:macOS, arch:arm64, id:00006020-000E40AA3633C01E, name:My Mac }
{ platform:macOS, arch:x86_64, id:00006020-000E40AA3633C01E, name:My Mac }
ComputePackagePrebuildTargetDependencyGraph

Prepare packages

CreateBuildRequest

SendProjectDescription

CreateBuildOperation

ComputeTargetDependencyGraph
note: Building targets in dependency order
note: Target dependency graph (21 targets)
    Target 'QuartzUITests' in project 'Quartz'
        ➜ Explicit dependency on target 'Quartz' in project 'Quartz'
    Target 'QuartzTests' in project 'Quartz'
        ➜ Explicit dependency on target 'Quartz' in project 'Quartz'
    Target 'Quartz' in project 'Quartz'
        ➜ Explicit dependency on target 'QuartzKit' in project 'QuartzKit'
    Target 'QuartzKit' in project 'QuartzKit'
        ➜ Explicit dependency on target 'QuartzKit' in project 'QuartzKit'
        ➜ Explicit dependency on target 'QuartzKit_QuartzKit' in project 'QuartzKit'
        ➜ Explicit dependency on target 'Markdown' in project 'swift-markdown'
        ➜ Explicit dependency on target 'Textual' in project 'textual'
    Target 'QuartzKit' in project 'QuartzKit'
        ➜ Explicit dependency on target 'QuartzKit_QuartzKit' in project 'QuartzKit'
        ➜ Explicit dependency on target 'Markdown' in project 'swift-markdown'
        ➜ Explicit dependency on target 'Textual' in project 'textual'
    Target 'Textual' in project 'textual'
        ➜ Explicit dependency on target 'Textual' in project 'textual'
        ➜ Explicit dependency on target 'textual_Textual' in project 'textual'
        ➜ Explicit dependency on target 'ConcurrencyExtras' in project 'swift-concurrency-extras'
        ➜ Explicit dependency on target 'SwiftUIMath' in project 'swiftui-math'
    Target 'Textual' in project 'textual'
        ➜ Explicit dependency on target 'textual_Textual' in project 'textual'
        ➜ Explicit dependency on target 'ConcurrencyExtras' in project 'swift-concurrency-extras'
        ➜ Explicit dependency on target 'SwiftUIMath' in project 'swiftui-math'
    Target 'SwiftUIMath' in project 'swiftui-math'
        ➜ Explicit dependency on target 'SwiftUIMath' in project 'swiftui-math'
        ➜ Explicit dependency on target 'swiftui-math_SwiftUIMath' in project 'swiftui-math'
    Target 'SwiftUIMath' in project 'swiftui-math'
        ➜ Explicit dependency on target 'swiftui-math_SwiftUIMath' in project 'swiftui-math'
    Target 'swiftui-math_SwiftUIMath' in project 'swiftui-math' (no dependencies)
    Target 'ConcurrencyExtras' in project 'swift-concurrency-extras'
        ➜ Explicit dependency on target 'ConcurrencyExtras' in project 'swift-concurrency-extras'
    Target 'ConcurrencyExtras' in project 'swift-concurrency-extras' (no dependencies)
    Target 'textual_Textual' in project 'textual' (no dependencies)
    Target 'Markdown' in project 'swift-markdown'
        ➜ Explicit dependency on target 'Markdown' in project 'swift-markdown'
        ➜ Explicit dependency on target 'CAtomic' in project 'swift-markdown'
        ➜ Explicit dependency on target 'cmark-gfm' in project 'cmark-gfm'
        ➜ Explicit dependency on target 'cmark-gfm-extensions' in project 'cmark-gfm'
    Target 'Markdown' in project 'swift-markdown'
        ➜ Explicit dependency on target 'CAtomic' in project 'swift-markdown'
        ➜ Explicit dependency on target 'cmark-gfm' in project 'cmark-gfm'
        ➜ Explicit dependency on target 'cmark-gfm-extensions' in project 'cmark-gfm'
    Target 'cmark-gfm-extensions' in project 'cmark-gfm'
        ➜ Explicit dependency on target 'cmark-gfm-extensions' in project 'cmark-gfm'
        ➜ Explicit dependency on target 'cmark-gfm' in project 'cmark-gfm'
    Target 'cmark-gfm-extensions' in project 'cmark-gfm'
        ➜ Explicit dependency on target 'cmark-gfm' in project 'cmark-gfm'
    Target 'cmark-gfm' in project 'cmark-gfm'
        ➜ Explicit dependency on target 'cmark-gfm' in project 'cmark-gfm'
    Target 'cmark-gfm' in project 'cmark-gfm' (no dependencies)
    Target 'CAtomic' in project 'swift-markdown' (no dependencies)
    Target 'QuartzKit_QuartzKit' in project 'QuartzKit' (no dependencies)

GatherProvisioningInputs

CreateBuildDescription

ExecuteExternalTool /Applications/Xcode.app/Contents/Developer/usr/bin/xcstringstool compile --dry-run --output-directory /Users/I533181/Library/Developer/Xcode/DerivedData/Quartz-dxdgbevcngpjbfeajptuwkhctcba/Build/Intermediates.noindex/QuartzKit.build/Debug/QuartzKit_QuartzKit.build /Users/I533181/Developments/Quartz/QuartzKit/Sources/QuartzKit/Resources/Localizable.xcstrings

ExecuteExternalTool /Applications/Xcode.app/Contents/Developer/Toolchains/XcodeDefault.xctoolchain/usr/bin/clang -v -E -dM -arch arm64 -isysroot /Applications/Xcode.app/Contents/Developer/Platforms/MacOSX.platform/Developer/SDKs/MacOSX26.4.sdk -x c -c /dev/null

ExecuteExternalTool /Applications/Xcode.app/Contents/Developer/Toolchains/XcodeDefault.xctoolchain/usr/bin/swiftc --version

ExecuteExternalTool /Applications/Xcode.app/Contents/Developer/usr/bin/actool --version --output-format xml1

ExecuteExternalTool /Applications/Xcode.app/Contents/Developer/Toolchains/XcodeDefault.xctoolchain/usr/bin/clang -v -E -dM -isysroot /Applications/Xcode.app/Contents/Developer/Platforms/MacOSX.platform/Developer/SDKs/MacOSX26.4.sdk -x c -c /dev/null

ExecuteExternalTool /Applications/Xcode.app/Contents/Developer/Toolchains/XcodeDefault.xctoolchain/usr/bin/ld -version_details

ReadFileContents /Applications/Xcode.app/Contents/Developer/Toolchains/XcodeDefault.xctoolchain/usr/share/docc/features.json

Build description signature: c579c8cae4c8d4e2d7e87eae7f335cc9
Build description path: /Users/I533181/Library/Developer/Xcode/DerivedData/Quartz-dxdgbevcngpjbfeajptuwkhctcba/Build/Intermediates.noindex/XCBuildData/c579c8cae4c8d4e2d7e87eae7f335cc9.xcbuilddata
ClangStatCache /Applications/Xcode.app/Contents/Developer/Toolchains/XcodeDefault.xctoolchain/usr/bin/clang-stat-cache /Applications/Xcode.app/Contents/Developer/Platforms/MacOSX.platform/Developer/SDKs/MacOSX26.4.sdk /Users/I533181/Library/Developer/Xcode/DerivedData/SDKStatCaches.noindex/macosx26.4-25E236-30f9ca8789b706f8bd3fc906a70d770f.sdkstatcache
    cd /Users/I533181/Developments/Quartz/Quartz.xcodeproj
    /Applications/Xcode.app/Contents/Developer/Toolchains/XcodeDefault.xctoolchain/usr/bin/clang-stat-cache /Applications/Xcode.app/Contents/Developer/Platforms/MacOSX.platform/Developer/SDKs/MacOSX26.4.sdk -o /Users/I533181/Library/Developer/Xcode/DerivedData/SDKStatCaches.noindex/macosx26.4-25E236-30f9ca8789b706f8bd3fc906a70d770f.sdkstatcache

ProcessInfoPlistFile /Users/I533181/Library/Developer/Xcode/DerivedData/Quartz-dxdgbevcngpjbfeajptuwkhctcba/Build/Products/Debug/textual_Textual.bundle/Contents/Info.plist /Users/I533181/Library/Developer/Xcode/DerivedData/Quartz-dxdgbevcngpjbfeajptuwkhctcba/Build/Intermediates.noindex/textual.build/Debug/textual_Textual.build/empty-textual_Textual.plist (in target 'textual_Textual' from project 'textual')
    cd /Users/I533181/Library/Developer/Xcode/DerivedData/Quartz-dxdgbevcngpjbfeajptuwkhctcba/SourcePackages/checkouts/textual
    builtin-infoPlistUtility /Users/I533181/Library/Developer/Xcode/DerivedData/Quartz-dxdgbevcngpjbfeajptuwkhctcba/Build/Intermediates.noindex/textual.build/Debug/textual_Textual.build/empty-textual_Textual.plist -producttype com.apple.product-type.bundle -expandbuildsettings -platform macosx -o /Users/I533181/Library/Developer/Xcode/DerivedData/Quartz-dxdgbevcngpjbfeajptuwkhctcba/Build/Products/Debug/textual_Textual.bundle/Contents/Info.plist

ProcessInfoPlistFile /Users/I533181/Library/Developer/Xcode/DerivedData/Quartz-dxdgbevcngpjbfeajptuwkhctcba/Build/Products/Debug/swiftui-math_SwiftUIMath.bundle/Contents/Info.plist /Users/I533181/Library/Developer/Xcode/DerivedData/Quartz-dxdgbevcngpjbfeajptuwkhctcba/Build/Intermediates.noindex/swiftui-math.build/Debug/swiftui-math_SwiftUIMath.build/empty-swiftui-math_SwiftUIMath.plist (in target 'swiftui-math_SwiftUIMath' from project 'swiftui-math')
    cd /Users/I533181/Library/Developer/Xcode/DerivedData/Quartz-dxdgbevcngpjbfeajptuwkhctcba/SourcePackages/checkouts/swiftui-math
    builtin-infoPlistUtility /Users/I533181/Library/Developer/Xcode/DerivedData/Quartz-dxdgbevcngpjbfeajptuwkhctcba/Build/Intermediates.noindex/swiftui-math.build/Debug/swiftui-math_SwiftUIMath.build/empty-swiftui-math_SwiftUIMath.plist -producttype com.apple.product-type.bundle -expandbuildsettings -platform macosx -o /Users/I533181/Library/Developer/Xcode/DerivedData/Quartz-dxdgbevcngpjbfeajptuwkhctcba/Build/Products/Debug/swiftui-math_SwiftUIMath.bundle/Contents/Info.plist

ProcessInfoPlistFile /Users/I533181/Library/Developer/Xcode/DerivedData/Quartz-dxdgbevcngpjbfeajptuwkhctcba/Build/Products/Debug/QuartzKit_QuartzKit.bundle/Contents/Info.plist /Users/I533181/Library/Developer/Xcode/DerivedData/Quartz-dxdgbevcngpjbfeajptuwkhctcba/Build/Intermediates.noindex/QuartzKit.build/Debug/QuartzKit_QuartzKit.build/empty-QuartzKit_QuartzKit.plist (in target 'QuartzKit_QuartzKit' from project 'QuartzKit')
    cd /Users/I533181/Developments/Quartz/QuartzKit
    builtin-infoPlistUtility /Users/I533181/Library/Developer/Xcode/DerivedData/Quartz-dxdgbevcngpjbfeajptuwkhctcba/Build/Intermediates.noindex/QuartzKit.build/Debug/QuartzKit_QuartzKit.build/empty-QuartzKit_QuartzKit.plist -producttype com.apple.product-type.bundle -expandbuildsettings -platform macosx -o /Users/I533181/Library/Developer/Xcode/DerivedData/Quartz-dxdgbevcngpjbfeajptuwkhctcba/Build/Products/Debug/QuartzKit_QuartzKit.bundle/Contents/Info.plist

CompileXCStrings /Users/I533181/Library/Developer/Xcode/DerivedData/Quartz-dxdgbevcngpjbfeajptuwkhctcba/Build/Intermediates.noindex/QuartzKit.build/Debug/QuartzKit_QuartzKit.build/ /Users/I533181/Developments/Quartz/QuartzKit/Sources/QuartzKit/Resources/Localizable.xcstrings (in target 'QuartzKit_QuartzKit' from project 'QuartzKit')
    cd /Users/I533181/Developments/Quartz/QuartzKit
    /Applications/Xcode.app/Contents/Developer/usr/bin/xcstringstool compile --output-directory /Users/I533181/Library/Developer/Xcode/DerivedData/Quartz-dxdgbevcngpjbfeajptuwkhctcba/Build/Intermediates.noindex/QuartzKit.build/Debug/QuartzKit_QuartzKit.build /Users/I533181/Developments/Quartz/QuartzKit/Sources/QuartzKit/Resources/Localizable.xcstrings

CopyStringsFile /Users/I533181/Library/Developer/Xcode/DerivedData/Quartz-dxdgbevcngpjbfeajptuwkhctcba/Build/Products/Debug/QuartzKit_QuartzKit.bundle/Contents/Resources/it.lproj/Localizable.strings /Users/I533181/Library/Developer/Xcode/DerivedData/Quartz-dxdgbevcngpjbfeajptuwkhctcba/Build/Intermediates.noindex/QuartzKit.build/Debug/QuartzKit_QuartzKit.build/it.lproj/Localizable.strings (in target 'QuartzKit_QuartzKit' from project 'QuartzKit')
    cd /Users/I533181/Developments/Quartz/QuartzKit
    builtin-copyStrings --validate --outputencoding UTF-16 --outfilename Localizable.strings --outdir /Users/I533181/Library/Developer/Xcode/DerivedData/Quartz-dxdgbevcngpjbfeajptuwkhctcba/Build/Products/Debug/QuartzKit_QuartzKit.bundle/Contents/Resources/it.lproj -- /Users/I533181/Library/Developer/Xcode/DerivedData/Quartz-dxdgbevcngpjbfeajptuwkhctcba/Build/Intermediates.noindex/QuartzKit.build/Debug/QuartzKit_QuartzKit.build/it.lproj/Localizable.strings
/Users/I533181/Library/Developer/Xcode/DerivedData/Quartz-dxdgbevcngpjbfeajptuwkhctcba/Build/Intermediates.noindex/QuartzKit.build/Debug/QuartzKit_QuartzKit.build/it.lproj/Localizable.strings:1:1: note: detected encoding of input file as Unicode (UTF-8) (in target 'QuartzKit_QuartzKit' from project 'QuartzKit')

CopyStringsFile /Users/I533181/Library/Developer/Xcode/DerivedData/Quartz-dxdgbevcngpjbfeajptuwkhctcba/Build/Products/Debug/QuartzKit_QuartzKit.bundle/Contents/Resources/fr.lproj/Localizable.strings /Users/I533181/Library/Developer/Xcode/DerivedData/Quartz-dxdgbevcngpjbfeajptuwkhctcba/Build/Intermediates.noindex/QuartzKit.build/Debug/QuartzKit_QuartzKit.build/fr.lproj/Localizable.strings (in target 'QuartzKit_QuartzKit' from project 'QuartzKit')
    cd /Users/I533181/Developments/Quartz/QuartzKit
    builtin-copyStrings --validate --outputencoding UTF-16 --outfilename Localizable.strings --outdir /Users/I533181/Library/Developer/Xcode/DerivedData/Quartz-dxdgbevcngpjbfeajptuwkhctcba/Build/Products/Debug/QuartzKit_QuartzKit.bundle/Contents/Resources/fr.lproj -- /Users/I533181/Library/Developer/Xcode/DerivedData/Quartz-dxdgbevcngpjbfeajptuwkhctcba/Build/Intermediates.noindex/QuartzKit.build/Debug/QuartzKit_QuartzKit.build/fr.lproj/Localizable.strings
/Users/I533181/Library/Developer/Xcode/DerivedData/Quartz-dxdgbevcngpjbfeajptuwkhctcba/Build/Intermediates.noindex/QuartzKit.build/Debug/QuartzKit_QuartzKit.build/fr.lproj/Localizable.strings:1:1: note: detected encoding of input file as Unicode (UTF-8) (in target 'QuartzKit_QuartzKit' from project 'QuartzKit')

CopyStringsFile /Users/I533181/Library/Developer/Xcode/DerivedData/Quartz-dxdgbevcngpjbfeajptuwkhctcba/Build/Products/Debug/QuartzKit_QuartzKit.bundle/Contents/Resources/es.lproj/Localizable.strings /Users/I533181/Library/Developer/Xcode/DerivedData/Quartz-dxdgbevcngpjbfeajptuwkhctcba/Build/Intermediates.noindex/QuartzKit.build/Debug/QuartzKit_QuartzKit.build/es.lproj/Localizable.strings (in target 'QuartzKit_QuartzKit' from project 'QuartzKit')
    cd /Users/I533181/Developments/Quartz/QuartzKit
    builtin-copyStrings --validate --outputencoding UTF-16 --outfilename Localizable.strings --outdir /Users/I533181/Library/Developer/Xcode/DerivedData/Quartz-dxdgbevcngpjbfeajptuwkhctcba/Build/Products/Debug/QuartzKit_QuartzKit.bundle/Contents/Resources/es.lproj -- /Users/I533181/Library/Developer/Xcode/DerivedData/Quartz-dxdgbevcngpjbfeajptuwkhctcba/Build/Intermediates.noindex/QuartzKit.build/Debug/QuartzKit_QuartzKit.build/es.lproj/Localizable.strings
/Users/I533181/Library/Developer/Xcode/DerivedData/Quartz-dxdgbevcngpjbfeajptuwkhctcba/Build/Intermediates.noindex/QuartzKit.build/Debug/QuartzKit_QuartzKit.build/es.lproj/Localizable.strings:1:1: note: detected encoding of input file as Unicode (UTF-8) (in target 'QuartzKit_QuartzKit' from project 'QuartzKit')

CopyStringsFile /Users/I533181/Library/Developer/Xcode/DerivedData/Quartz-dxdgbevcngpjbfeajptuwkhctcba/Build/Products/Debug/QuartzKit_QuartzKit.bundle/Contents/Resources/ja.lproj/Localizable.strings /Users/I533181/Library/Developer/Xcode/DerivedData/Quartz-dxdgbevcngpjbfeajptuwkhctcba/Build/Intermediates.noindex/QuartzKit.build/Debug/QuartzKit_QuartzKit.build/ja.lproj/Localizable.strings (in target 'QuartzKit_QuartzKit' from project 'QuartzKit')
    cd /Users/I533181/Developments/Quartz/QuartzKit
    builtin-copyStrings --validate --outputencoding UTF-16 --outfilename Localizable.strings --outdir /Users/I533181/Library/Developer/Xcode/DerivedData/Quartz-dxdgbevcngpjbfeajptuwkhctcba/Build/Products/Debug/QuartzKit_QuartzKit.bundle/Contents/Resources/ja.lproj -- /Users/I533181/Library/Developer/Xcode/DerivedData/Quartz-dxdgbevcngpjbfeajptuwkhctcba/Build/Intermediates.noindex/QuartzKit.build/Debug/QuartzKit_QuartzKit.build/ja.lproj/Localizable.strings
/Users/I533181/Library/Developer/Xcode/DerivedData/Quartz-dxdgbevcngpjbfeajptuwkhctcba/Build/Intermediates.noindex/QuartzKit.build/Debug/QuartzKit_QuartzKit.build/ja.lproj/Localizable.strings:1:1: note: detected encoding of input file as Unicode (UTF-8) (in target 'QuartzKit_QuartzKit' from project 'QuartzKit')

CopyStringsFile /Users/I533181/Library/Developer/Xcode/DerivedData/Quartz-dxdgbevcngpjbfeajptuwkhctcba/Build/Products/Debug/QuartzKit_QuartzKit.bundle/Contents/Resources/zh-Hans.lproj/Localizable.strings /Users/I533181/Library/Developer/Xcode/DerivedData/Quartz-dxdgbevcngpjbfeajptuwkhctcba/Build/Intermediates.noindex/QuartzKit.build/Debug/QuartzKit_QuartzKit.build/zh-Hans.lproj/Localizable.strings (in target 'QuartzKit_QuartzKit' from project 'QuartzKit')
    cd /Users/I533181/Developments/Quartz/QuartzKit
    builtin-copyStrings --validate --outputencoding UTF-16 --outfilename Localizable.strings --outdir /Users/I533181/Library/Developer/Xcode/DerivedData/Quartz-dxdgbevcngpjbfeajptuwkhctcba/Build/Products/Debug/QuartzKit_QuartzKit.bundle/Contents/Resources/zh-Hans.lproj -- /Users/I533181/Library/Developer/Xcode/DerivedData/Quartz-dxdgbevcngpjbfeajptuwkhctcba/Build/Intermediates.noindex/QuartzKit.build/Debug/QuartzKit_QuartzKit.build/zh-Hans.lproj/Localizable.strings
/Users/I533181/Library/Developer/Xcode/DerivedData/Quartz-dxdgbevcngpjbfeajptuwkhctcba/Build/Intermediates.noindex/QuartzKit.build/Debug/QuartzKit_QuartzKit.build/zh-Hans.lproj/Localizable.strings:1:1: note: detected encoding of input file as Unicode (UTF-8) (in target 'QuartzKit_QuartzKit' from project 'QuartzKit')

CopyStringsFile /Users/I533181/Library/Developer/Xcode/DerivedData/Quartz-dxdgbevcngpjbfeajptuwkhctcba/Build/Products/Debug/QuartzKit_QuartzKit.bundle/Contents/Resources/de.lproj/Localizable.strings /Users/I533181/Library/Developer/Xcode/DerivedData/Quartz-dxdgbevcngpjbfeajptuwkhctcba/Build/Intermediates.noindex/QuartzKit.build/Debug/QuartzKit_QuartzKit.build/de.lproj/Localizable.strings (in target 'QuartzKit_QuartzKit' from project 'QuartzKit')
    cd /Users/I533181/Developments/Quartz/QuartzKit
    builtin-copyStrings --validate --outputencoding UTF-16 --outfilename Localizable.strings --outdir /Users/I533181/Library/Developer/Xcode/DerivedData/Quartz-dxdgbevcngpjbfeajptuwkhctcba/Build/Products/Debug/QuartzKit_QuartzKit.bundle/Contents/Resources/de.lproj -- /Users/I533181/Library/Developer/Xcode/DerivedData/Quartz-dxdgbevcngpjbfeajptuwkhctcba/Build/Intermediates.noindex/QuartzKit.build/Debug/QuartzKit_QuartzKit.build/de.lproj/Localizable.strings
/Users/I533181/Library/Developer/Xcode/DerivedData/Quartz-dxdgbevcngpjbfeajptuwkhctcba/Build/Intermediates.noindex/QuartzKit.build/Debug/QuartzKit_QuartzKit.build/de.lproj/Localizable.strings:1:1: note: detected encoding of input file as Unicode (UTF-8) (in target 'QuartzKit_QuartzKit' from project 'QuartzKit')

CopyStringsFile /Users/I533181/Library/Developer/Xcode/DerivedData/Quartz-dxdgbevcngpjbfeajptuwkhctcba/Build/Products/Debug/QuartzKit_QuartzKit.bundle/Contents/Resources/en.lproj/Localizable.strings /Users/I533181/Library/Developer/Xcode/DerivedData/Quartz-dxdgbevcngpjbfeajptuwkhctcba/Build/Intermediates.noindex/QuartzKit.build/Debug/QuartzKit_QuartzKit.build/en.lproj/Localizable.strings (in target 'QuartzKit_QuartzKit' from project 'QuartzKit')
    cd /Users/I533181/Developments/Quartz/QuartzKit
    builtin-copyStrings --validate --outputencoding UTF-16 --outfilename Localizable.strings --outdir /Users/I533181/Library/Developer/Xcode/DerivedData/Quartz-dxdgbevcngpjbfeajptuwkhctcba/Build/Products/Debug/QuartzKit_QuartzKit.bundle/Contents/Resources/en.lproj -- /Users/I533181/Library/Developer/Xcode/DerivedData/Quartz-dxdgbevcngpjbfeajptuwkhctcba/Build/Intermediates.noindex/QuartzKit.build/Debug/QuartzKit_QuartzKit.build/en.lproj/Localizable.strings
/Users/I533181/Library/Developer/Xcode/DerivedData/Quartz-dxdgbevcngpjbfeajptuwkhctcba/Build/Intermediates.noindex/QuartzKit.build/Debug/QuartzKit_QuartzKit.build/en.lproj/Localizable.strings:1:1: note: detected encoding of input file as Unicode (UTF-8) (in target 'QuartzKit_QuartzKit' from project 'QuartzKit')

Copy /Users/I533181/Library/Developer/Xcode/DerivedData/Quartz-dxdgbevcngpjbfeajptuwkhctcba/Build/Products/Debug/Quartz.app/Contents/Resources/QuartzKit_QuartzKit.bundle /Users/I533181/Library/Developer/Xcode/DerivedData/Quartz-dxdgbevcngpjbfeajptuwkhctcba/Build/Products/Debug/QuartzKit_QuartzKit.bundle (in target 'Quartz' from project 'Quartz')
    cd /Users/I533181/Developments/Quartz
    builtin-copy -exclude .DS_Store -exclude CVS -exclude .svn -exclude .git -exclude .hg -resolve-src-symlinks /Users/I533181/Library/Developer/Xcode/DerivedData/Quartz-dxdgbevcngpjbfeajptuwkhctcba/Build/Products/Debug/QuartzKit_QuartzKit.bundle /Users/I533181/Library/Developer/Xcode/DerivedData/Quartz-dxdgbevcngpjbfeajptuwkhctcba/Build/Products/Debug/Quartz.app/Contents/Resources

CopySwiftLibs /Users/I533181/Library/Developer/Xcode/DerivedData/Quartz-dxdgbevcngpjbfeajptuwkhctcba/Build/Products/Debug/Quartz.app (in target 'Quartz' from project 'Quartz')
    cd /Users/I533181/Developments/Quartz
    builtin-swiftStdLibTool --copy --verbose --sign 3F8B495CE4F1D4608DF908D7D36EFF9B88F4D089 --scan-executable /Users/I533181/Library/Developer/Xcode/DerivedData/Quartz-dxdgbevcngpjbfeajptuwkhctcba/Build/Products/Debug/Quartz.app/Contents/MacOS/Quartz.debug.dylib --scan-folder /Users/I533181/Library/Developer/Xcode/DerivedData/Quartz-dxdgbevcngpjbfeajptuwkhctcba/Build/Products/Debug/Quartz.app/Contents/Frameworks --scan-folder /Users/I533181/Library/Developer/Xcode/DerivedData/Quartz-dxdgbevcngpjbfeajptuwkhctcba/Build/Products/Debug/Quartz.app/Contents/PlugIns --scan-folder /Users/I533181/Library/Developer/Xcode/DerivedData/Quartz-dxdgbevcngpjbfeajptuwkhctcba/Build/Products/Debug/Quartz.app/Contents/Library/SystemExtensions --scan-folder /Users/I533181/Library/Developer/Xcode/DerivedData/Quartz-dxdgbevcngpjbfeajptuwkhctcba/Build/Products/Debug/Quartz.app/Contents/Extensions --platform macosx --toolchain /Applications/Xcode.app/Contents/Developer/Toolchains/XcodeDefault.xctoolchain --destination /Users/I533181/Library/Developer/Xcode/DerivedData/Quartz-dxdgbevcngpjbfeajptuwkhctcba/Build/Products/Debug/Quartz.app/Contents/Frameworks --strip-bitcode --strip-bitcode-tool /Applications/Xcode.app/Contents/Developer/Toolchains/XcodeDefault.xctoolchain/usr/bin/bitcode_strip --emit-dependency-info /Users/I533181/Library/Developer/Xcode/DerivedData/Quartz-dxdgbevcngpjbfeajptuwkhctcba/Build/Intermediates.noindex/Quartz.build/Debug/Quartz.build/SwiftStdLibToolInputDependencies.dep --filter-for-swift-os --back-deploy-swift-span

ProcessInfoPlistFile /Users/I533181/Library/Developer/Xcode/DerivedData/Quartz-dxdgbevcngpjbfeajptuwkhctcba/Build/Products/Debug/Quartz.app/Contents/Info.plist /Users/I533181/Developments/Quartz/Info.plist (in target 'Quartz' from project 'Quartz')
    cd /Users/I533181/Developments/Quartz
    builtin-infoPlistUtility /Users/I533181/Developments/Quartz/Info.plist -producttype com.apple.product-type.application -genpkginfo /Users/I533181/Library/Developer/Xcode/DerivedData/Quartz-dxdgbevcngpjbfeajptuwkhctcba/Build/Products/Debug/Quartz.app/Contents/PkgInfo -expandbuildsettings -platform macosx -additionalcontentfile /Users/I533181/Library/Developer/Xcode/DerivedData/Quartz-dxdgbevcngpjbfeajptuwkhctcba/Build/Intermediates.noindex/Quartz.build/Debug/Quartz.build/assetcatalog_generated_info.plist -scanforprivacyfile /Users/I533181/Library/Developer/Xcode/DerivedData/Quartz-dxdgbevcngpjbfeajptuwkhctcba/Build/Products/Debug/Quartz.app/Contents/Resources/QuartzKit_QuartzKit.bundle -scanforprivacyfile /Users/I533181/Library/Developer/Xcode/DerivedData/Quartz-dxdgbevcngpjbfeajptuwkhctcba/Build/Products/Debug/Quartz.app/Contents/Resources/swiftui-math_SwiftUIMath.bundle -scanforprivacyfile /Users/I533181/Library/Developer/Xcode/DerivedData/Quartz-dxdgbevcngpjbfeajptuwkhctcba/Build/Products/Debug/Quartz.app/Contents/Resources/textual_Textual.bundle -o /Users/I533181/Library/Developer/Xcode/DerivedData/Quartz-dxdgbevcngpjbfeajptuwkhctcba/Build/Products/Debug/Quartz.app/Contents/Info.plist

Copy /Users/I533181/Library/Developer/Xcode/DerivedData/Quartz-dxdgbevcngpjbfeajptuwkhctcba/Build/Products/Debug/Quartz.app/Contents/PlugIns/QuartzTests.xctest/Contents/Resources/QuartzKit_QuartzKit.bundle /Users/I533181/Library/Developer/Xcode/DerivedData/Quartz-dxdgbevcngpjbfeajptuwkhctcba/Build/Products/Debug/QuartzKit_QuartzKit.bundle (in target 'QuartzTests' from project 'Quartz')
    cd /Users/I533181/Developments/Quartz
    builtin-copy -exclude .DS_Store -exclude CVS -exclude .svn -exclude .git -exclude .hg -resolve-src-symlinks /Users/I533181/Library/Developer/Xcode/DerivedData/Quartz-dxdgbevcngpjbfeajptuwkhctcba/Build/Products/Debug/QuartzKit_QuartzKit.bundle /Users/I533181/Library/Developer/Xcode/DerivedData/Quartz-dxdgbevcngpjbfeajptuwkhctcba/Build/Products/Debug/Quartz.app/Contents/PlugIns/QuartzTests.xctest/Contents/Resources

ProcessInfoPlistFile /Users/I533181/Library/Developer/Xcode/DerivedData/Quartz-dxdgbevcngpjbfeajptuwkhctcba/Build/Products/Debug/Quartz.app/Contents/PlugIns/QuartzTests.xctest/Contents/Info.plist /Users/I533181/Library/Developer/Xcode/DerivedData/Quartz-dxdgbevcngpjbfeajptuwkhctcba/Build/Intermediates.noindex/Quartz.build/Debug/QuartzTests.build/empty-QuartzTests.plist (in target 'QuartzTests' from project 'Quartz')
    cd /Users/I533181/Developments/Quartz
    builtin-infoPlistUtility /Users/I533181/Library/Developer/Xcode/DerivedData/Quartz-dxdgbevcngpjbfeajptuwkhctcba/Build/Intermediates.noindex/Quartz.build/Debug/QuartzTests.build/empty-QuartzTests.plist -producttype com.apple.product-type.bundle.unit-test -expandbuildsettings -platform macosx -scanforprivacyfile /Users/I533181/Library/Developer/Xcode/DerivedData/Quartz-dxdgbevcngpjbfeajptuwkhctcba/Build/Products/Debug/Quartz.app/Contents/PlugIns/QuartzTests.xctest/Contents/Resources/QuartzKit_QuartzKit.bundle -scanforprivacyfile /Users/I533181/Library/Developer/Xcode/DerivedData/Quartz-dxdgbevcngpjbfeajptuwkhctcba/Build/Products/Debug/Quartz.app/Contents/PlugIns/QuartzTests.xctest/Contents/Resources/swiftui-math_SwiftUIMath.bundle -scanforprivacyfile /Users/I533181/Library/Developer/Xcode/DerivedData/Quartz-dxdgbevcngpjbfeajptuwkhctcba/Build/Products/Debug/Quartz.app/Contents/PlugIns/QuartzTests.xctest/Contents/Resources/textual_Textual.bundle -o /Users/I533181/Library/Developer/Xcode/DerivedData/Quartz-dxdgbevcngpjbfeajptuwkhctcba/Build/Products/Debug/Quartz.app/Contents/PlugIns/QuartzTests.xctest/Contents/Info.plist

CopySwiftLibs /Users/I533181/Library/Developer/Xcode/DerivedData/Quartz-dxdgbevcngpjbfeajptuwkhctcba/Build/Products/Debug/Quartz.app/Contents/PlugIns/QuartzTests.xctest (in target 'QuartzTests' from project 'Quartz')
    cd /Users/I533181/Developments/Quartz
    builtin-swiftStdLibTool --copy --verbose --sign 3F8B495CE4F1D4608DF908D7D36EFF9B88F4D089 --scan-executable /Users/I533181/Library/Developer/Xcode/DerivedData/Quartz-dxdgbevcngpjbfeajptuwkhctcba/Build/Products/Debug/Quartz.app/Contents/PlugIns/QuartzTests.xctest/Contents/MacOS/QuartzTests --scan-folder /Users/I533181/Library/Developer/Xcode/DerivedData/Quartz-dxdgbevcngpjbfeajptuwkhctcba/Build/Products/Debug/Quartz.app/Contents/PlugIns/QuartzTests.xctest/Contents/Frameworks --scan-folder /Users/I533181/Library/Developer/Xcode/DerivedData/Quartz-dxdgbevcngpjbfeajptuwkhctcba/Build/Products/Debug/Quartz.app/Contents/PlugIns/QuartzTests.xctest/Contents/PlugIns --scan-folder /Users/I533181/Library/Developer/Xcode/DerivedData/Quartz-dxdgbevcngpjbfeajptuwkhctcba/Build/Products/Debug/Quartz.app/Contents/PlugIns/QuartzTests.xctest/Contents/Library/SystemExtensions --scan-folder /Users/I533181/Library/Developer/Xcode/DerivedData/Quartz-dxdgbevcngpjbfeajptuwkhctcba/Build/Products/Debug/Quartz.app/Contents/PlugIns/QuartzTests.xctest/Contents/Extensions --platform macosx --toolchain /Applications/Xcode.app/Contents/Developer/Toolchains/XcodeDefault.xctoolchain --destination /Users/I533181/Library/Developer/Xcode/DerivedData/Quartz-dxdgbevcngpjbfeajptuwkhctcba/Build/Products/Debug/Quartz.app/Contents/PlugIns/QuartzTests.xctest/Contents/Frameworks --strip-bitcode --scan-executable /Applications/Xcode.app/Contents/Developer/Platforms/MacOSX.platform/Developer/usr/lib/libXCTestSwiftSupport.dylib --strip-bitcode-tool /Applications/Xcode.app/Contents/Developer/Toolchains/XcodeDefault.xctoolchain/usr/bin/bitcode_strip --emit-dependency-info /Users/I533181/Library/Developer/Xcode/DerivedData/Quartz-dxdgbevcngpjbfeajptuwkhctcba/Build/Intermediates.noindex/Quartz.build/Debug/QuartzTests.build/SwiftStdLibToolInputDependencies.dep --filter-for-swift-os --back-deploy-swift-span

CodeSign /Users/I533181/Library/Developer/Xcode/DerivedData/Quartz-dxdgbevcngpjbfeajptuwkhctcba/Build/Products/Debug/Quartz.app/Contents/MacOS/Quartz.debug.dylib (in target 'Quartz' from project 'Quartz')
    cd /Users/I533181/Developments/Quartz
    
    Signing Identity:     "Apple Development: Oliver Posselt (BFW598VQVA)"
    Provisioning Profile: "Mac Team Provisioning Profile: olli.QuartzNotes"
                          (fba23896-e38f-4e0a-bf86-7863ee1d4a32)
    
    /usr/bin/codesign --force --sign 3F8B495CE4F1D4608DF908D7D36EFF9B88F4D089 -o runtime --timestamp\=none --generate-entitlement-der /Users/I533181/Library/Developer/Xcode/DerivedData/Quartz-dxdgbevcngpjbfeajptuwkhctcba/Build/Products/Debug/Quartz.app/Contents/MacOS/Quartz.debug.dylib
/Users/I533181/Library/Developer/Xcode/DerivedData/Quartz-dxdgbevcngpjbfeajptuwkhctcba/Build/Products/Debug/Quartz.app/Contents/MacOS/Quartz.debug.dylib: replacing existing signature

CodeSign /Users/I533181/Library/Developer/Xcode/DerivedData/Quartz-dxdgbevcngpjbfeajptuwkhctcba/Build/Products/Debug/Quartz.app/Contents/MacOS/__preview.dylib (in target 'Quartz' from project 'Quartz')
    cd /Users/I533181/Developments/Quartz
    
    Signing Identity:     "Apple Development: Oliver Posselt (BFW598VQVA)"
    Provisioning Profile: "Mac Team Provisioning Profile: olli.QuartzNotes"
                          (fba23896-e38f-4e0a-bf86-7863ee1d4a32)
    
    /usr/bin/codesign --force --sign 3F8B495CE4F1D4608DF908D7D36EFF9B88F4D089 -o runtime --timestamp\=none --generate-entitlement-der /Users/I533181/Library/Developer/Xcode/DerivedData/Quartz-dxdgbevcngpjbfeajptuwkhctcba/Build/Products/Debug/Quartz.app/Contents/MacOS/__preview.dylib
/Users/I533181/Library/Developer/Xcode/DerivedData/Quartz-dxdgbevcngpjbfeajptuwkhctcba/Build/Products/Debug/Quartz.app/Contents/MacOS/__preview.dylib: replacing existing signature

CodeSign /Users/I533181/Library/Developer/Xcode/DerivedData/Quartz-dxdgbevcngpjbfeajptuwkhctcba/Build/Products/Debug/Quartz.app (in target 'Quartz' from project 'Quartz')
    cd /Users/I533181/Developments/Quartz
    
    Signing Identity:     "Apple Development: Oliver Posselt (BFW598VQVA)"
    Provisioning Profile: "Mac Team Provisioning Profile: olli.QuartzNotes"
                          (fba23896-e38f-4e0a-bf86-7863ee1d4a32)
    
    /usr/bin/codesign --force --sign 3F8B495CE4F1D4608DF908D7D36EFF9B88F4D089 -o runtime --entitlements /Users/I533181/Library/Developer/Xcode/DerivedData/Quartz-dxdgbevcngpjbfeajptuwkhctcba/Build/Intermediates.noindex/Quartz.build/Debug/Quartz.build/Quartz.app.xcent --timestamp\=none --generate-entitlement-der /Users/I533181/Library/Developer/Xcode/DerivedData/Quartz-dxdgbevcngpjbfeajptuwkhctcba/Build/Products/Debug/Quartz.app
/Users/I533181/Library/Developer/Xcode/DerivedData/Quartz-dxdgbevcngpjbfeajptuwkhctcba/Build/Products/Debug/Quartz.app: replacing existing signature

Validate /Users/I533181/Library/Developer/Xcode/DerivedData/Quartz-dxdgbevcngpjbfeajptuwkhctcba/Build/Products/Debug/Quartz.app (in target 'Quartz' from project 'Quartz')
    cd /Users/I533181/Developments/Quartz
    builtin-validationUtility /Users/I533181/Library/Developer/Xcode/DerivedData/Quartz-dxdgbevcngpjbfeajptuwkhctcba/Build/Products/Debug/Quartz.app -no-validate-extension -infoplist-subpath Contents/Info.plist

RegisterWithLaunchServices /Users/I533181/Library/Developer/Xcode/DerivedData/Quartz-dxdgbevcngpjbfeajptuwkhctcba/Build/Products/Debug/Quartz.app (in target 'Quartz' from project 'Quartz')
    cd /Users/I533181/Developments/Quartz
    /System/Library/Frameworks/CoreServices.framework/Versions/Current/Frameworks/LaunchServices.framework/Versions/Current/Support/lsregister -f -R -trusted /Users/I533181/Library/Developer/Xcode/DerivedData/Quartz-dxdgbevcngpjbfeajptuwkhctcba/Build/Products/Debug/Quartz.app

ProcessInfoPlistFile /Users/I533181/Library/Developer/Xcode/DerivedData/Quartz-dxdgbevcngpjbfeajptuwkhctcba/Build/Products/Debug/QuartzUITests-Runner.app/Contents/PlugIns/QuartzUITests.xctest/Contents/Info.plist /Users/I533181/Library/Developer/Xcode/DerivedData/Quartz-dxdgbevcngpjbfeajptuwkhctcba/Build/Intermediates.noindex/Quartz.build/Debug/QuartzUITests.build/empty-QuartzUITests.plist (in target 'QuartzUITests' from project 'Quartz')
    cd /Users/I533181/Developments/Quartz
    builtin-infoPlistUtility /Users/I533181/Library/Developer/Xcode/DerivedData/Quartz-dxdgbevcngpjbfeajptuwkhctcba/Build/Intermediates.noindex/Quartz.build/Debug/QuartzUITests.build/empty-QuartzUITests.plist -producttype com.apple.product-type.bundle.ui-testing -expandbuildsettings -platform macosx -additionalcontentfile /Users/I533181/Library/Developer/Xcode/DerivedData/Quartz-dxdgbevcngpjbfeajptuwkhctcba/Build/Intermediates.noindex/Quartz.build/Debug/QuartzUITests.build/ProductTypeInfoPlistAdditions.plist -o /Users/I533181/Library/Developer/Xcode/DerivedData/Quartz-dxdgbevcngpjbfeajptuwkhctcba/Build/Products/Debug/QuartzUITests-Runner.app/Contents/PlugIns/QuartzUITests.xctest/Contents/Info.plist

CopySwiftLibs /Users/I533181/Library/Developer/Xcode/DerivedData/Quartz-dxdgbevcngpjbfeajptuwkhctcba/Build/Products/Debug/QuartzUITests-Runner.app/Contents/PlugIns/QuartzUITests.xctest (in target 'QuartzUITests' from project 'Quartz')
    cd /Users/I533181/Developments/Quartz
    builtin-swiftStdLibTool --copy --verbose --sign 3F8B495CE4F1D4608DF908D7D36EFF9B88F4D089 --scan-executable /Users/I533181/Library/Developer/Xcode/DerivedData/Quartz-dxdgbevcngpjbfeajptuwkhctcba/Build/Products/Debug/QuartzUITests-Runner.app/Contents/PlugIns/QuartzUITests.xctest/Contents/MacOS/QuartzUITests --scan-folder /Users/I533181/Library/Developer/Xcode/DerivedData/Quartz-dxdgbevcngpjbfeajptuwkhctcba/Build/Products/Debug/QuartzUITests-Runner.app/Contents/PlugIns/QuartzUITests.xctest/Contents/Frameworks --scan-folder /Users/I533181/Library/Developer/Xcode/DerivedData/Quartz-dxdgbevcngpjbfeajptuwkhctcba/Build/Products/Debug/QuartzUITests-Runner.app/Contents/PlugIns/QuartzUITests.xctest/Contents/PlugIns --scan-folder /Users/I533181/Library/Developer/Xcode/DerivedData/Quartz-dxdgbevcngpjbfeajptuwkhctcba/Build/Products/Debug/QuartzUITests-Runner.app/Contents/PlugIns/QuartzUITests.xctest/Contents/Library/SystemExtensions --scan-folder /Users/I533181/Library/Developer/Xcode/DerivedData/Quartz-dxdgbevcngpjbfeajptuwkhctcba/Build/Products/Debug/QuartzUITests-Runner.app/Contents/PlugIns/QuartzUITests.xctest/Contents/Extensions --platform macosx --toolchain /Applications/Xcode.app/Contents/Developer/Toolchains/XcodeDefault.xctoolchain --destination /Users/I533181/Library/Developer/Xcode/DerivedData/Quartz-dxdgbevcngpjbfeajptuwkhctcba/Build/Products/Debug/QuartzUITests-Runner.app/Contents/PlugIns/QuartzUITests.xctest/Contents/Frameworks --strip-bitcode --scan-executable /Applications/Xcode.app/Contents/Developer/Platforms/MacOSX.platform/Developer/usr/lib/libXCTestSwiftSupport.dylib --strip-bitcode-tool /Applications/Xcode.app/Contents/Developer/Toolchains/XcodeDefault.xctoolchain/usr/bin/bitcode_strip --emit-dependency-info /Users/I533181/Library/Developer/Xcode/DerivedData/Quartz-dxdgbevcngpjbfeajptuwkhctcba/Build/Intermediates.noindex/Quartz.build/Debug/QuartzUITests.build/SwiftStdLibToolInputDependencies.dep --filter-for-swift-os --back-deploy-swift-span

2026-04-14 14:14:09.353078+0200 QuartzUITests-Runner[57877:23970432] [Default] Running tests...
Test Suite 'Selected tests' started at 2026-04-14 14:14:09.510.
Test Suite 'QuartzUITests.xctest' started at 2026-04-14 14:14:09.510.
Test Suite 'macOSSmokeUITests' started at 2026-04-14 14:14:09.510.
Test Case '-[QuartzUITests.macOSSmokeUITests testAccessibilityLabelsExist]' started.
    t =     0.00s Start Test at 2026-04-14 14:14:09.511
    t =     0.12s Set Up
    t =     0.13s Open olli.QuartzNotes
    t =     0.16s     Launch olli.QuartzNotes
2026-04-14 14:14:09.943 xcodebuild[57691:23966019] [MT] IDELaunchParametersSnapshot: The operation couldn’t be completed. (DebuggerLLDB.DebuggerVersionStore.StoreError error 0.)
2026-04-14 14:14:09.943 xcodebuild[57691:23966019] [MT] IDELaunchParametersSnapshot: no debugger version
    t =     1.65s         Wait for accessibility to load
    t =     2.83s         Setting up automation session
    t =     2.86s         Wait for olli.QuartzNotes to idle
    t =     2.95s Wait for olli.QuartzNotes to become Running Foreground
    t =     2.95s Waiting 15.0s for Outline (First Match) to exist
    t =     3.99s     Checking `Expect predicate `existsNoRetry == 1` for object Outline (First Match)`
    t =     3.99s         Checking existence of `Outline (First Match)`
    t =     4.21s Find the Outline (First Match)
    t =     4.28s Get number of matches for: Descendants matching type OutlineRow
    t =     4.68s Waiting 5.0s for "sidebar-new-note" Button to exist
    t =     5.72s     Checking `Expect predicate `existsNoRetry == 1` for object "sidebar-new-note" Button`
    t =     5.72s         Checking existence of `"sidebar-new-note" Button`
    t =     5.83s         Capturing element debug description
    t =     6.77s     Checking `Expect predicate `existsNoRetry == 1` for object "sidebar-new-note" Button`
    t =     6.77s         Checking existence of `"sidebar-new-note" Button`
    t =     6.85s         Capturing element debug description
    t =     7.78s     Checking `Expect predicate `existsNoRetry == 1` for object "sidebar-new-note" Button`
    t =     7.78s         Checking existence of `"sidebar-new-note" Button`
    t =     7.88s         Capturing element debug description
    t =     8.71s     Checking `Expect predicate `existsNoRetry == 1` for object "sidebar-new-note" Button`
    t =     8.71s         Checking existence of `"sidebar-new-note" Button`
    t =     8.78s         Capturing element debug description
    t =     9.69s     Checking `Expect predicate `existsNoRetry == 1` for object "sidebar-new-note" Button`
    t =     9.69s         Checking existence of `"sidebar-new-note" Button`
    t =     9.78s         Capturing element debug description
    t =     9.78s     Checking existence of `"sidebar-new-note" Button`
    t =     9.85s Collecting debug information to assist test failure triage
    t =     9.85s     Requesting snapshot of accessibility hierarchy for app with pid 57886
    t =    10.07s Get number of matches for: Descendants matching type Button
    t =    10.25s Find the Target Application 'olli.QuartzNotes'
    t =    10.55s Added attachment named 'macOS_Accessibility'
    t =    10.55s Tear Down
    t =    15.62s Checking for crash reports corresponding to unexpected termination of olli.QuartzNotes
Test Case '-[QuartzUITests.macOSSmokeUITests testAccessibilityLabelsExist]' passed (35.633 seconds).
Test Case '-[QuartzUITests.macOSSmokeUITests testAccessibilityXLLayout]' started.
    t =     0.00s Start Test at 2026-04-14 14:14:45.145
    t =     0.05s Set Up
    t =     0.05s Open olli.QuartzNotes
    t =     0.10s     Launch olli.QuartzNotes
2026-04-14 14:14:45.256 xcodebuild[57691:23966019] [MT] IDELaunchParametersSnapshot: The operation couldn’t be completed. (DebuggerLLDB.DebuggerVersionStore.StoreError error 0.)
2026-04-14 14:14:45.256 xcodebuild[57691:23966019] [MT] IDELaunchParametersSnapshot: no debugger version
    t =     0.58s         Wait for accessibility to load
    t =     1.29s         Setting up automation session
    t =     1.30s         Wait for olli.QuartzNotes to idle
    t =     1.39s Wait for olli.QuartzNotes to become Running Foreground
    t =     1.39s Waiting 15.0s for Outline (First Match) to exist
    t =     2.43s     Checking `Expect predicate `existsNoRetry == 1` for object Outline (First Match)`
    t =     2.43s         Checking existence of `Outline (First Match)`
    t =     2.56s Get number of matches for: Descendants matching type OutlineRow
    t =     2.76s Find the Target Application 'olli.QuartzNotes'
    t =     2.99s Added attachment named 'macOS_AccessibilityXL'
    t =     2.99s Tear Down
    t =     8.15s Checking for crash reports corresponding to unexpected termination of olli.QuartzNotes
Test Case '-[QuartzUITests.macOSSmokeUITests testAccessibilityXLLayout]' passed (28.160 seconds).
Test Case '-[QuartzUITests.macOSSmokeUITests testKeyboardShortcuts]' started.
    t =     0.00s Start Test at 2026-04-14 14:15:13.306
    t =     0.09s Set Up
    t =     0.10s Open olli.QuartzNotes
    t =     0.15s     Launch olli.QuartzNotes
2026-04-14 14:15:13.464 xcodebuild[57691:23966019] [MT] IDELaunchParametersSnapshot: The operation couldn’t be completed. (DebuggerLLDB.DebuggerVersionStore.StoreError error 0.)
2026-04-14 14:15:13.464 xcodebuild[57691:23966019] [MT] IDELaunchParametersSnapshot: no debugger version
    t =     0.67s         Wait for accessibility to load
    t =     1.39s         Setting up automation session
    t =     1.40s         Wait for olli.QuartzNotes to idle
    t =     1.48s Wait for olli.QuartzNotes to become Running Foreground
    t =     1.49s Waiting 15.0s for Outline (First Match) to exist
    t =     2.51s     Checking `Expect predicate `existsNoRetry == 1` for object Outline (First Match)`
    t =     2.51s         Checking existence of `Outline (First Match)`
    t =     2.67s Type 'k' key with modifiers '⌘' (0x10)
    t =     2.67s     Wait for olli.QuartzNotes to idle
    t =     2.72s     Find the Target Application 'olli.QuartzNotes'
    t =     2.88s     Check for interrupting elements affecting "Quartz" Application
    t =     2.89s     Synthesize event
    t =     3.43s     Wait for olli.QuartzNotes to idle
    t =     3.49s Waiting 5.0s for SearchField (First Match) to exist
    t =     4.53s     Checking `Expect predicate `existsNoRetry == 1` for object SearchField (First Match)`
    t =     4.53s         Checking existence of `SearchField (First Match)`
    t =     4.58s Find the Target Application 'olli.QuartzNotes'
    t =     4.80s Added attachment named 'macOS_CommandPalette'
    t =     4.80s Type '⎋' key (XCUIKeyboardKeyEscape) with no modifiers
    t =     4.81s     Wait for olli.QuartzNotes to idle
    t =     4.86s     Find the Target Application 'olli.QuartzNotes'
    t =     4.90s     Check for interrupting elements affecting "Quartz" Application
    t =     4.90s     Synthesize event
    t =     5.00s     Wait for olli.QuartzNotes to idle
    t =     5.05s Find the Target Application 'olli.QuartzNotes'
    t =     5.26s Added attachment named 'macOS_AfterKeyboard'
    t =     5.26s Tear Down
    t =    10.43s Checking for crash reports corresponding to unexpected termination of olli.QuartzNotes
Test Case '-[QuartzUITests.macOSSmokeUITests testKeyboardShortcuts]' passed (30.437 seconds).
Test Case '-[QuartzUITests.macOSSmokeUITests testLaunchToMainWindow]' started.
    t =     0.00s Start Test at 2026-04-14 14:15:43.744
    t =     0.08s Set Up
    t =     0.09s Open olli.QuartzNotes
    t =     0.14s     Launch olli.QuartzNotes
2026-04-14 14:15:43.887 xcodebuild[57691:23966019] [MT] IDELaunchParametersSnapshot: The operation couldn’t be completed. (DebuggerLLDB.DebuggerVersionStore.StoreError error 0.)
2026-04-14 14:15:43.887 xcodebuild[57691:23966019] [MT] IDELaunchParametersSnapshot: no debugger version
    t =     0.62s         Wait for accessibility to load
    t =     1.37s         Setting up automation session
    t =     1.39s         Wait for olli.QuartzNotes to idle
    t =     1.48s Wait for olli.QuartzNotes to become Running Foreground
    t =     1.49s Waiting 15.0s for Outline (First Match) to exist
    t =     2.51s     Checking `Expect predicate `existsNoRetry == 1` for object Outline (First Match)`
    t =     2.51s         Checking existence of `Outline (First Match)`
    t =     2.64s Find the Target Application 'olli.QuartzNotes'
    t =     3.15s Added attachment named 'macOS_Launch'
    t =     3.15s Tear Down
    t =     8.31s Checking for crash reports corresponding to unexpected termination of olli.QuartzNotes
Test Case '-[QuartzUITests.macOSSmokeUITests testLaunchToMainWindow]' passed (28.320 seconds).
Test Case '-[QuartzUITests.macOSSmokeUITests testNoteEditRoundTrip]' started.
    t =     0.00s Start Test at 2026-04-14 14:16:12.064
    t =     0.06s Set Up
    t =     0.07s Open olli.QuartzNotes
    t =     0.11s     Launch olli.QuartzNotes
2026-04-14 14:16:12.177 xcodebuild[57691:23966019] [MT] IDELaunchParametersSnapshot: The operation couldn’t be completed. (DebuggerLLDB.DebuggerVersionStore.StoreError error 0.)
2026-04-14 14:16:12.177 xcodebuild[57691:23966019] [MT] IDELaunchParametersSnapshot: no debugger version
    t =     0.69s         Wait for accessibility to load
    t =     1.56s         Setting up automation session
    t =     1.57s         Wait for olli.QuartzNotes to idle
    t =     1.69s Wait for olli.QuartzNotes to become Running Foreground
    t =     1.69s Waiting 3.0s for StaticText (First Match) to exist
    t =     2.71s     Checking `Expect predicate `existsNoRetry == 1` for object StaticText (First Match)`
    t =     2.71s         Checking existence of `StaticText (First Match)`
    t =     2.93s         Capturing element debug description
    t =     3.75s     Checking `Expect predicate `existsNoRetry == 1` for object StaticText (First Match)`
    t =     3.75s         Checking existence of `StaticText (First Match)`
    t =     3.82s         Capturing element debug description
    t =     4.69s     Checking `Expect predicate `existsNoRetry == 1` for object StaticText (First Match)`
    t =     4.69s         Checking existence of `StaticText (First Match)`
    t =     4.78s         Capturing element debug description
    t =     4.79s     Checking existence of `StaticText (First Match)`
    t =     4.85s Collecting debug information to assist test failure triage
    t =     4.85s     Requesting snapshot of accessibility hierarchy for app with pid 58712
    t =     5.07s Waiting 3.0s for Cell (First Match) to exist
    t =     6.11s     Checking `Expect predicate `existsNoRetry == 1` for object Cell (First Match)`
    t =     6.11s         Checking existence of `Cell (First Match)`
    t =     6.19s         Capturing element debug description
    t =     7.11s     Checking `Expect predicate `existsNoRetry == 1` for object Cell (First Match)`
    t =     7.11s         Checking existence of `Cell (First Match)`
    t =     7.18s         Capturing element debug description
    t =     8.08s     Checking `Expect predicate `existsNoRetry == 1` for object Cell (First Match)`
    t =     8.08s         Checking existence of `Cell (First Match)`
    t =     8.14s         Capturing element debug description
    t =     8.14s     Checking existence of `Cell (First Match)`
    t =     8.22s Collecting debug information to assist test failure triage
    t =     8.22s     Requesting snapshot of accessibility hierarchy for app with pid 58712
    t =     8.44s Waiting 3.0s for OutlineRow (First Match) to exist
    t =     9.48s     Checking `Expect predicate `existsNoRetry == 1` for object OutlineRow (First Match)`
    t =     9.48s         Checking existence of `OutlineRow (First Match)`
    t =     9.56s         Capturing element debug description
    t =    10.50s     Checking `Expect predicate `existsNoRetry == 1` for object OutlineRow (First Match)`
    t =    10.50s         Checking existence of `OutlineRow (First Match)`
    t =    10.57s         Capturing element debug description
    t =    11.45s     Checking `Expect predicate `existsNoRetry == 1` for object OutlineRow (First Match)`
    t =    11.45s         Checking existence of `OutlineRow (First Match)`
    t =    11.51s         Capturing element debug description
    t =    11.51s     Checking existence of `OutlineRow (First Match)`
    t =    11.59s Collecting debug information to assist test failure triage
    t =    11.59s     Requesting snapshot of accessibility hierarchy for app with pid 58712
    t =    11.80s Waiting 3.0s for Button (First Match) to exist
    t =    12.84s     Checking `Expect predicate `existsNoRetry == 1` for object Button (First Match)`
    t =    12.84s         Checking existence of `Button (First Match)`
    t =    12.92s Click Button (First Match)
    t =    12.92s     Wait for olli.QuartzNotes to idle
    t =    12.97s     Find the Button (First Match)
    t =    13.03s     Check for interrupting elements affecting "Heading level 1: Todo" Button
    t =    13.07s     Synthesize event
    t =    13.53s     Wait for olli.QuartzNotes to idle
    t =    13.60s Waiting 10.0s for TextView (First Match) to exist
    t =    14.63s     Checking `Expect predicate `existsNoRetry == 1` for object TextView (First Match)`
    t =    14.63s         Checking existence of `TextView (First Match)`
    t =    14.73s Click TextView (First Match)
    t =    14.73s     Wait for olli.QuartzNotes to idle
    t =    14.78s     Find the TextView (First Match)
    t =    14.85s     Check for interrupting elements affecting "# Todo

- [ ] First task
- [x] Completed task
- [ ] Third task
" TextView
    t =    14.88s     Synthesize event
    t =    15.41s     Wait for olli.QuartzNotes to idle
    t =    15.48s Type '
Edited from macOS...' into "# Todo

- [ ] First task
- [x] Completed task
- [ ] Third task
" TextView
    t =    15.48s     Wait for olli.QuartzNotes to idle
    t =    15.54s     Find the "# Todo

- [ ] First task
- [x] Completed task
- [ ] Third task
" TextView
    t =    15.60s     Check for interrupting elements affecting "# Todo

- [ ] First task
- [x] Completed task
- [ ] Third task
" TextView
    t =    15.63s     Synthesize event
    t =    17.38s     Wait for olli.QuartzNotes to idle
    t =    17.43s Find the Target Application 'olli.QuartzNotes'
    t =    17.68s Added attachment named 'macOS_AfterEdit'
    t =    17.69s Tear Down
    t =    22.78s Checking for crash reports corresponding to unexpected termination of olli.QuartzNotes
Test Case '-[QuartzUITests.macOSSmokeUITests testNoteEditRoundTrip]' passed (42.790 seconds).
Test Case '-[QuartzUITests.macOSSmokeUITests testScreenshotCapture]' started.
    t =     0.00s Start Test at 2026-04-14 14:16:54.855
    t =     0.05s Set Up
    t =     0.06s Open olli.QuartzNotes
    t =     0.10s     Launch olli.QuartzNotes
2026-04-14 14:16:55.004 xcodebuild[57691:23966019] [MT] IDELaunchParametersSnapshot: The operation couldn’t be completed. (DebuggerLLDB.DebuggerVersionStore.StoreError error 0.)
2026-04-14 14:16:55.004 xcodebuild[57691:23966019] [MT] IDELaunchParametersSnapshot: no debugger version
    t =     0.83s         Wait for accessibility to load
    t =     1.74s         Setting up automation session
    t =     1.75s         Wait for olli.QuartzNotes to idle
    t =     1.84s Wait for olli.QuartzNotes to become Running Foreground
    t =     1.84s Find the Target Application 'olli.QuartzNotes'
    t =     2.30s Added attachment named 'macOS_MainWindow'
    t =     2.30s Waiting 3.0s for StaticText (First Match) to exist
    t =     3.31s     Checking `Expect predicate `existsNoRetry == 1` for object StaticText (First Match)`
    t =     3.31s         Checking existence of `StaticText (First Match)`
    t =     3.42s         Capturing element debug description
    t =     4.36s     Checking `Expect predicate `existsNoRetry == 1` for object StaticText (First Match)`
    t =     4.36s         Checking existence of `StaticText (First Match)`
    t =     4.44s         Capturing element debug description
    t =     5.30s     Checking `Expect predicate `existsNoRetry == 1` for object StaticText (First Match)`
    t =     5.30s         Checking existence of `StaticText (First Match)`
    t =     5.37s         Capturing element debug description
    t =     5.37s     Checking existence of `StaticText (First Match)`
    t =     5.45s Collecting debug information to assist test failure triage
    t =     5.45s     Requesting snapshot of accessibility hierarchy for app with pid 59017
    t =     5.67s Waiting 3.0s for Cell (First Match) to exist
    t =     6.71s     Checking `Expect predicate `existsNoRetry == 1` for object Cell (First Match)`
    t =     6.71s         Checking existence of `Cell (First Match)`
    t =     6.79s         Capturing element debug description
    t =     7.72s     Checking `Expect predicate `existsNoRetry == 1` for object Cell (First Match)`
    t =     7.73s         Checking existence of `Cell (First Match)`
    t =     7.81s         Capturing element debug description
    t =     8.68s     Checking `Expect predicate `existsNoRetry == 1` for object Cell (First Match)`
    t =     8.68s         Checking existence of `Cell (First Match)`
    t =     8.74s         Capturing element debug description
    t =     8.74s     Checking existence of `Cell (First Match)`
    t =     8.82s Collecting debug information to assist test failure triage
    t =     8.82s     Requesting snapshot of accessibility hierarchy for app with pid 59017
    t =     9.03s Waiting 3.0s for OutlineRow (First Match) to exist
    t =    10.07s     Checking `Expect predicate `existsNoRetry == 1` for object OutlineRow (First Match)`
    t =    10.07s         Checking existence of `OutlineRow (First Match)`
    t =    10.15s         Capturing element debug description
    t =    11.08s     Checking `Expect predicate `existsNoRetry == 1` for object OutlineRow (First Match)`
    t =    11.08s         Checking existence of `OutlineRow (First Match)`
    t =    11.16s         Capturing element debug description
    t =    12.04s     Checking `Expect predicate `existsNoRetry == 1` for object OutlineRow (First Match)`
    t =    12.04s         Checking existence of `OutlineRow (First Match)`
    t =    12.11s         Capturing element debug description
    t =    12.11s     Checking existence of `OutlineRow (First Match)`
    t =    12.18s Collecting debug information to assist test failure triage
    t =    12.19s     Requesting snapshot of accessibility hierarchy for app with pid 59017
    t =    12.38s Tear Down
    t =    17.45s Checking for crash reports corresponding to unexpected termination of olli.QuartzNotes
Test Case '-[QuartzUITests.macOSSmokeUITests testScreenshotCapture]' passed (37.459 seconds).
Test Suite 'macOSSmokeUITests' passed at 2026-04-14 14:17:32.314.
	 Executed 6 tests, with 0 failures (0 unexpected) in 202.799 (202.804) seconds
Test Suite 'QuartzUITests.xctest' passed at 2026-04-14 14:17:32.315.
	 Executed 6 tests, with 0 failures (0 unexpected) in 202.799 (202.805) seconds
Test Suite 'Selected tests' passed at 2026-04-14 14:17:32.317.
	 Executed 6 tests, with 0 failures (0 unexpected) in 202.799 (202.807) seconds
2026-04-14 14:17:32.659 xcodebuild[57691:23966019] [MT] IDETestOperationsObserverDebug: 205.772 elapsed -- Testing started completed.
2026-04-14 14:17:32.659 xcodebuild[57691:23966019] [MT] IDETestOperationsObserverDebug: 0.000 sec, +0.000 sec -- start
2026-04-14 14:17:32.659 xcodebuild[57691:23966019] [MT] IDETestOperationsObserverDebug: 205.772 sec, +205.772 sec -- end

Test session results, code coverage, and logs:
	/tmp/QuartzUITests_macOS.xcresult

** TEST SUCCEEDED **

Testing started
